<?xml version="1.0" encoding="UTF-8"?>
<!-- Generated by org.testng.reporters.JUnitReportReporter -->
<testsuite hostname="WKWZTWy0IzvCOOa" failures="0" tests="4" name="day3.MyFirstTestNG" time="0.015" errors="0" timestamp="2022-11-22T19:02:44 IST" skipped="0">
  <testcase classname="day3.MyFirstTestNG" name="test1" time="0.005"/>
  <system-out/>
  <testcase classname="day3.MyFirstTestNG" name="logout" time="0.002"/>
  <system-out/>
  <testcase classname="day3.MyFirstTestNG" name="AccountCreated" time="0.002"/>
  <system-out/>
  <testcase classname="day3.MyFirstTestNG" name="login" time="0.006"/>
  <system-out/>
</testsuite> <!-- day3.MyFirstTestNG -->
