<?xml version="1.0" encoding="UTF-8"?>
<!-- Generated by org.testng.reporters.JUnitReportReporter -->
<testsuite hostname="WKWZTWy0IzvCOOa" failures="0" tests="1" name="ParameterDemo.UploadFile" time="11.700" errors="0" timestamp="2022-11-25T09:05:34 IST" skipped="0">
  <testcase classname="ParameterDemo.UploadFile" name="test" time="11.700"/>
  <system-out/>
</testsuite> <!-- ParameterDemo.UploadFile -->
