<?xml version="1.0" encoding="UTF-8"?>
<!-- Generated by org.testng.reporters.JUnitReportReporter -->
<testsuite hostname="WKWZTWy0IzvCOOa" failures="0" tests="1" name="day3.Categories" time="19.056" errors="0" timestamp="2022-11-22T22:49:00 IST" skipped="0">
  <testcase classname="day3.Categories" name="ManageCategories" time="19.056"/>
  <system-out/>
</testsuite> <!-- day3.Categories -->
