<?xml version="1.0" encoding="UTF-8"?>
<!-- Generated by org.testng.reporters.JUnitReportReporter -->
<testsuite hostname="WKWZTWy0IzvCOOa" failures="0" tests="4" name="day3.SmokeTest" time="25.671" errors="0" timestamp="2022-11-22T19:02:44 IST" skipped="0">
  <testcase classname="day3.SmokeTest" name="validCredentials" time="8.792"/>
  <system-out/>
  <testcase classname="day3.SmokeTest" name="invalidPassword" time="5.209"/>
  <system-out/>
  <testcase classname="day3.SmokeTest" name="invalidCredentials" time="6.286"/>
  <system-out/>
  <testcase classname="day3.SmokeTest" name="invalidUsername" time="5.384"/>
  <system-out/>
</testsuite> <!-- day3.SmokeTest -->
