<?xml version="1.0" encoding="UTF-8"?>
<!-- Generated by org.testng.reporters.JUnitReportReporter -->
<testsuite hostname="WKWZTWy0IzvCOOa" failures="0" tests="1" name="day5.SelectorsHubEx" time="115.479" errors="0" timestamp="2022-11-25T00:36:41 IST" skipped="0">
  <testcase classname="day5.SelectorsHubEx" name="Test3" time="115.479"/>
  <system-out/>
</testsuite> <!-- day5.SelectorsHubEx -->
