<?xml version="1.0" encoding="UTF-8"?>
<!-- Generated by org.testng.reporters.JUnitReportReporter -->
<testsuite hostname="WKWZTWy0IzvCOOa" failures="0" tests="1" name="day5.SeleniumGrid2" time="15.762" errors="0" timestamp="2022-11-24T10:48:17 IST" skipped="0">
  <testcase classname="day5.SeleniumGrid2" name="Test1" time="15.762"/>
  <system-out/>
</testsuite> <!-- day5.SeleniumGrid2 -->
