<?xml version="1.0" encoding="UTF-8"?>
<!-- Generated by org.testng.reporters.JUnitReportReporter -->
<testsuite hostname="WKWZTWy0IzvCOOa" failures="0" tests="4" name="day3.SmokeTest" time="21.142" errors="0" timestamp="2022-11-24T08:55:05 IST" skipped="0">
  <testcase classname="day3.SmokeTest" name="validCredentials" time="7.519"/>
  <system-out/>
  <testcase classname="day3.SmokeTest" name="invalidPassword" time="4.263"/>
  <system-out/>
  <testcase classname="day3.SmokeTest" name="invalidCredentials" time="5.117"/>
  <system-out/>
  <testcase classname="day3.SmokeTest" name="invalidUsername" time="4.243"/>
  <system-out/>
</testsuite> <!-- day3.SmokeTest -->
