<?xml version="1.0" encoding="UTF-8"?>
<!-- Generated by org.testng.reporters.JUnitReportReporter -->
<testsuite hostname="WKWZTWy0IzvCOOa" failures="0" tests="4" name="day3.MyFirstTestNG" time="0.001" errors="0" timestamp="2022-11-24T08:55:05 IST" skipped="0">
  <testcase classname="day3.MyFirstTestNG" name="test1" time="0.000"/>
  <system-out/>
  <testcase classname="day3.MyFirstTestNG" name="AccountCreated" time="0.001"/>
  <system-out/>
  <testcase classname="day3.MyFirstTestNG" name="logout" time="0.000"/>
  <system-out/>
  <testcase classname="day3.MyFirstTestNG" name="login" time="0.000"/>
  <system-out/>
</testsuite> <!-- day3.MyFirstTestNG -->
