<?xml version="1.0" encoding="UTF-8"?>
<!-- Generated by org.testng.reporters.JUnitReportReporter -->
<testsuite hostname="WKWZTWy0IzvCOOa" failures="0" tests="1" name="day3.Categories" time="13.107" errors="0" timestamp="2022-11-24T08:55:05 IST" skipped="0">
  <testcase classname="day3.Categories" name="ManageCategories" time="13.107"/>
  <system-out/>
</testsuite> <!-- day3.Categories -->
